  main.cpp
f:\junior3\c++\project2_2\main.cpp(3): warning C4068: 未知的杂注
    正在创建库 F:\junior3\c++\Project2_2\Debug\Project2_2.lib 和对象 F:\junior3\c++\Project2_2\Debug\Project2_2.exp
main.obj : error LNK2019: 无法解析的外部符号 _GDALAllRegister@0，该符号在函数 _main 中被引用
main.obj : error LNK2019: 无法解析的外部符号 _GDALOpenShared@8，该符号在函数 _main 中被引用
main.obj : error LNK2019: 无法解析的外部符号 _VSIFree，该符号在函数 _main 中被引用
main.obj : error LNK2019: 无法解析的外部符号 _CPLMalloc，该符号在函数 _main 中被引用
main.obj : error LNK2019: 无法解析的外部符号 "public: virtual __thiscall GDALMajorObject::~GDALMajorObject(void)" (??1GDALMajorObject@@UAE@XZ)，该符号在函数 __unwindfunclet$??0GDALDataset@@QAE@ABV0@@Z$0 中被引用
main.obj : error LNK2001: 无法解析的外部符号 "public: virtual char const * __thiscall GDALMajorObject::GetDescription(void)const " (?GetDescription@GDALMajorObject@@UBEPBDXZ)
main.obj : error LNK2001: 无法解析的外部符号 "public: virtual void __thiscall GDALMajorObject::SetDescription(char const *)" (?SetDescription@GDALMajorObject@@UAEXPBD@Z)
main.obj : error LNK2001: 无法解析的外部符号 "public: virtual char * * __thiscall GDALMajorObject::GetMetadata(char const *)" (?GetMetadata@GDALMajorObject@@UAEPAPADPBD@Z)
main.obj : error LNK2001: 无法解析的外部符号 "public: virtual enum CPLErr __thiscall GDALMajorObject::SetMetadata(char * *,char const *)" (?SetMetadata@GDALMajorObject@@UAE?AW4CPLErr@@PAPADPBD@Z)
main.obj : error LNK2001: 无法解析的外部符号 "public: virtual char const * __thiscall GDALMajorObject::GetMetadataItem(char const *,char const *)" (?GetMetadataItem@GDALMajorObject@@UAEPBDPBD0@Z)
main.obj : error LNK2001: 无法解析的外部符号 "public: virtual enum CPLErr __thiscall GDALMajorObject::SetMetadataItem(char const *,char const *,char const *)" (?SetMetadataItem@GDALMajorObject@@UAE?AW4CPLErr@@PBD00@Z)
main.obj : error LNK2001: 无法解析的外部符号 "protected: virtual enum CPLErr __thiscall GDALDataset::IBuildOverviews(char const *,int,int *,int,int *,int (__stdcall*)(double,char const *,void *),void *)" (?IBuildOverviews@GDALDataset@@MAE?AW4CPLErr@@PBDHPAHH1P6GHN0PAX@Z2@Z)
main.obj : error LNK2001: 无法解析的外部符号 "protected: virtual enum CPLErr __thiscall GDALDataset::IRasterIO(enum GDALRWFlag,int,int,int,int,void *,int,int,enum GDALDataType,int,int *,int,int,int)" (?IRasterIO@GDALDataset@@MAE?AW4CPLErr@@W4GDALRWFlag@@HHHHPAXHHW4GDALDataType@@HPAHHHH@Z)
main.obj : error LNK2019: 无法解析的外部符号 "public: virtual __thiscall GDALDataset::~GDALDataset(void)" (??1GDALDataset@@UAE@XZ)，该符号在函数 "public: virtual void * __thiscall GDALDataset::`vector deleting destructor'(unsigned int)" (??_EGDALDataset@@UAEPAXI@Z) 中被引用
main.obj : error LNK2019: 无法解析的外部符号 "public: int __thiscall GDALDataset::GetRasterXSize(void)" (?GetRasterXSize@GDALDataset@@QAEHXZ)，该符号在函数 _main 中被引用
main.obj : error LNK2019: 无法解析的外部符号 "public: int __thiscall GDALDataset::GetRasterYSize(void)" (?GetRasterYSize@GDALDataset@@QAEHXZ)，该符号在函数 _main 中被引用
main.obj : error LNK2019: 无法解析的外部符号 "public: int __thiscall GDALDataset::GetRasterCount(void)" (?GetRasterCount@GDALDataset@@QAEHXZ)，该符号在函数 _main 中被引用
main.obj : error LNK2019: 无法解析的外部符号 "public: class GDALRasterBand * __thiscall GDALDataset::GetRasterBand(int)" (?GetRasterBand@GDALDataset@@QAEPAVGDALRasterBand@@H@Z)，该符号在函数 _main 中被引用
main.obj : error LNK2001: 无法解析的外部符号 "public: virtual void __thiscall GDALDataset::FlushCache(void)" (?FlushCache@GDALDataset@@UAEXXZ)
main.obj : error LNK2001: 无法解析的外部符号 "public: virtual char const * __thiscall GDALDataset::GetProjectionRef(void)" (?GetProjectionRef@GDALDataset@@UAEPBDXZ)
main.obj : error LNK2001: 无法解析的外部符号 "public: virtual enum CPLErr __thiscall GDALDataset::SetProjection(char const *)" (?SetProjection@GDALDataset@@UAE?AW4CPLErr@@PBD@Z)
main.obj : error LNK2001: 无法解析的外部符号 "public: virtual enum CPLErr __thiscall GDALDataset::GetGeoTransform(double *)" (?GetGeoTransform@GDALDataset@@UAE?AW4CPLErr@@PAN@Z)
main.obj : error LNK2001: 无法解析的外部符号 "public: virtual enum CPLErr __thiscall GDALDataset::SetGeoTransform(double *)" (?SetGeoTransform@GDALDataset@@UAE?AW4CPLErr@@PAN@Z)
main.obj : error LNK2001: 无法解析的外部符号 "public: virtual enum CPLErr __thiscall GDALDataset::AddBand(enum GDALDataType,char * *)" (?AddBand@GDALDataset@@UAE?AW4CPLErr@@W4GDALDataType@@PAPAD@Z)
main.obj : error LNK2001: 无法解析的外部符号 "public: virtual void * __thiscall GDALDataset::GetInternalHandle(char const *)" (?GetInternalHandle@GDALDataset@@UAEPAXPBD@Z)
main.obj : error LNK2001: 无法解析的外部符号 "public: virtual class GDALDriver * __thiscall GDALDataset::GetDriver(void)" (?GetDriver@GDALDataset@@UAEPAVGDALDriver@@XZ)
main.obj : error LNK2001: 无法解析的外部符号 "public: virtual char * * __thiscall GDALDataset::GetFileList(void)" (?GetFileList@GDALDataset@@UAEPAPADXZ)
main.obj : error LNK2001: 无法解析的外部符号 "public: virtual int __thiscall GDALDataset::GetGCPCount(void)" (?GetGCPCount@GDALDataset@@UAEHXZ)
main.obj : error LNK2001: 无法解析的外部符号 "public: virtual char const * __thiscall GDALDataset::GetGCPProjection(void)" (?GetGCPProjection@GDALDataset@@UAEPBDXZ)
main.obj : error LNK2001: 无法解析的外部符号 "public: virtual struct GDAL_GCP const * __thiscall GDALDataset::GetGCPs(void)" (?GetGCPs@GDALDataset@@UAEPBUGDAL_GCP@@XZ)
main.obj : error LNK2001: 无法解析的外部符号 "public: virtual enum CPLErr __thiscall GDALDataset::SetGCPs(int,struct GDAL_GCP const *,char const *)" (?SetGCPs@GDALDataset@@UAE?AW4CPLErr@@HPBUGDAL_GCP@@PBD@Z)
main.obj : error LNK2001: 无法解析的外部符号 "public: virtual enum CPLErr __thiscall GDALDataset::AdviseRead(int,int,int,int,int,int,enum GDALDataType,int,int *,char * *)" (?AdviseRead@GDALDataset@@UAE?AW4CPLErr@@HHHHHHW4GDALDataType@@HPAHPAPAD@Z)
main.obj : error LNK2001: 无法解析的外部符号 "public: virtual enum CPLErr __thiscall GDALDataset::CreateMaskBand(int)" (?CreateMaskBand@GDALDataset@@UAE?AW4CPLErr@@H@Z)
main.obj : error LNK2019: 无法解析的外部符号 "public: virtual __thiscall GDALRasterBlock::~GDALRasterBlock(void)" (??1GDALRasterBlock@@UAE@XZ)，该符号在函数 "public: virtual void * __thiscall GDALRasterBlock::`vector deleting destructor'(unsigned int)" (??_EGDALRasterBlock@@UAEPAXI@Z) 中被引用
main.obj : error LNK2019: 无法解析的外部符号 "public: __thiscall GDALColorTable::GDALColorTable(enum GDALPaletteInterp)" (??0GDALColorTable@@QAE@W4GDALPaletteInterp@@@Z)，该符号在函数 "public: void __thiscall GDALColorTable::`default constructor closure'(void)" (??_FGDALColorTable@@QAEXXZ) 中被引用
main.obj : error LNK2001: 无法解析的外部符号 "protected: virtual enum CPLErr __thiscall GDALRasterBand::IWriteBlock(int,int,void *)" (?IWriteBlock@GDALRasterBand@@MAE?AW4CPLErr@@HHPAX@Z)
main.obj : error LNK2001: 无法解析的外部符号 "protected: virtual enum CPLErr __thiscall GDALRasterBand::IRasterIO(enum GDALRWFlag,int,int,int,int,void *,int,int,enum GDALDataType,int,int)" (?IRasterIO@GDALRasterBand@@MAE?AW4CPLErr@@W4GDALRWFlag@@HHHHPAXHHW4GDALDataType@@HH@Z)
main.obj : error LNK2019: 无法解析的外部符号 "public: virtual __thiscall GDALRasterBand::~GDALRasterBand(void)" (??1GDALRasterBand@@UAE@XZ)，该符号在函数 "public: virtual void * __thiscall GDALRasterBand::`vector deleting destructor'(unsigned int)" (??_EGDALRasterBand@@UAEPAXI@Z) 中被引用
main.obj : error LNK2019: 无法解析的外部符号 "public: enum CPLErr __thiscall GDALRasterBand::RasterIO(enum GDALRWFlag,int,int,int,int,void *,int,int,enum GDALDataType,int,int)" (?RasterIO@GDALRasterBand@@QAE?AW4CPLErr@@W4GDALRWFlag@@HHHHPAXHHW4GDALDataType@@HH@Z)，该符号在函数 _main 中被引用
main.obj : error LNK2001: 无法解析的外部符号 "public: virtual enum CPLErr __thiscall GDALRasterBand::FlushCache(void)" (?FlushCache@GDALRasterBand@@UAE?AW4CPLErr@@XZ)
main.obj : error LNK2001: 无法解析的外部符号 "public: virtual char * * __thiscall GDALRasterBand::GetCategoryNames(void)" (?GetCategoryNames@GDALRasterBand@@UAEPAPADXZ)
main.obj : error LNK2001: 无法解析的外部符号 "public: virtual double __thiscall GDALRasterBand::GetNoDataValue(int *)" (?GetNoDataValue@GDALRasterBand@@UAENPAH@Z)
main.obj : error LNK2001: 无法解析的外部符号 "public: virtual double __thiscall GDALRasterBand::GetMinimum(int *)" (?GetMinimum@GDALRasterBand@@UAENPAH@Z)
main.obj : error LNK2001: 无法解析的外部符号 "public: virtual double __thiscall GDALRasterBand::GetMaximum(int *)" (?GetMaximum@GDALRasterBand@@UAENPAH@Z)
main.obj : error LNK2001: 无法解析的外部符号 "public: virtual double __thiscall GDALRasterBand::GetOffset(int *)" (?GetOffset@GDALRasterBand@@UAENPAH@Z)
main.obj : error LNK2001: 无法解析的外部符号 "public: virtual double __thiscall GDALRasterBand::GetScale(int *)" (?GetScale@GDALRasterBand@@UAENPAH@Z)
main.obj : error LNK2001: 无法解析的外部符号 "public: virtual char const * __thiscall GDALRasterBand::GetUnitType(void)" (?GetUnitType@GDALRasterBand@@UAEPBDXZ)
main.obj : error LNK2001: 无法解析的外部符号 "public: virtual enum GDALColorInterp __thiscall GDALRasterBand::GetColorInterpretation(void)" (?GetColorInterpretation@GDALRasterBand@@UAE?AW4GDALColorInterp@@XZ)
main.obj : error LNK2001: 无法解析的外部符号 "public: virtual class GDALColorTable * __thiscall GDALRasterBand::GetColorTable(void)" (?GetColorTable@GDALRasterBand@@UAEPAVGDALColorTable@@XZ)
main.obj : error LNK2001: 无法解析的外部符号 "public: virtual enum CPLErr __thiscall GDALRasterBand::Fill(double,double)" (?Fill@GDALRasterBand@@UAE?AW4CPLErr@@NN@Z)
main.obj : error LNK2001: 无法解析的外部符号 "public: virtual enum CPLErr __thiscall GDALRasterBand::SetCategoryNames(char * *)" (?SetCategoryNames@GDALRasterBand@@UAE?AW4CPLErr@@PAPAD@Z)
main.obj : error LNK2001: 无法解析的外部符号 "public: virtual enum CPLErr __thiscall GDALRasterBand::SetNoDataValue(double)" (?SetNoDataValue@GDALRasterBand@@UAE?AW4CPLErr@@N@Z)
main.obj : error LNK2001: 无法解析的外部符号 "public: virtual enum CPLErr __thiscall GDALRasterBand::SetColorTable(class GDALColorTable *)" (?SetColorTable@GDALRasterBand@@UAE?AW4CPLErr@@PAVGDALColorTable@@@Z)
main.obj : error LNK2001: 无法解析的外部符号 "public: virtual enum CPLErr __thiscall GDALRasterBand::SetColorInterpretation(enum GDALColorInterp)" (?SetColorInterpretation@GDALRasterBand@@UAE?AW4CPLErr@@W4GDALColorInterp@@@Z)
main.obj : error LNK2001: 无法解析的外部符号 "public: virtual enum CPLErr __thiscall GDALRasterBand::SetOffset(double)" (?SetOffset@GDALRasterBand@@UAE?AW4CPLErr@@N@Z)
main.obj : error LNK2001: 无法解析的外部符号 "public: virtual enum CPLErr __thiscall GDALRasterBand::SetScale(double)" (?SetScale@GDALRasterBand@@UAE?AW4CPLErr@@N@Z)
main.obj : error LNK2001: 无法解析的外部符号 "public: virtual enum CPLErr __thiscall GDALRasterBand::SetUnitType(char const *)" (?SetUnitType@GDALRasterBand@@UAE?AW4CPLErr@@PBD@Z)
main.obj : error LNK2001: 无法解析的外部符号 "public: virtual enum CPLErr __thiscall GDALRasterBand::GetStatistics(int,int,double *,double *,double *,double *)" (?GetStatistics@GDALRasterBand@@UAE?AW4CPLErr@@HHPAN000@Z)
main.obj : error LNK2001: 无法解析的外部符号 "public: virtual enum CPLErr __thiscall GDALRasterBand::ComputeStatistics(int,double *,double *,double *,double *,int (__stdcall*)(double,char const *,void *),void *)" (?ComputeStatistics@GDALRasterBand@@UAE?AW4CPLErr@@HPAN000P6GHNPBDPAX@Z2@Z)
main.obj : error LNK2001: 无法解析的外部符号 "public: virtual enum CPLErr __thiscall GDALRasterBand::SetStatistics(double,double,double,double)" (?SetStatistics@GDALRasterBand@@UAE?AW4CPLErr@@NNNN@Z)
main.obj : error LNK2001: 无法解析的外部符号 "public: virtual enum CPLErr __thiscall GDALRasterBand::ComputeRasterMinMax(int,double *)" (?ComputeRasterMinMax@GDALRasterBand@@UAE?AW4CPLErr@@HPAN@Z)
main.obj : error LNK2001: 无法解析的外部符号 "public: virtual int __thiscall GDALRasterBand::HasArbitraryOverviews(void)" (?HasArbitraryOverviews@GDALRasterBand@@UAEHXZ)
main.obj : error LNK2001: 无法解析的外部符号 "public: virtual int __thiscall GDALRasterBand::GetOverviewCount(void)" (?GetOverviewCount@GDALRasterBand@@UAEHXZ)
main.obj : error LNK2001: 无法解析的外部符号 "public: virtual class GDALRasterBand * __thiscall GDALRasterBand::GetOverview(int)" (?GetOverview@GDALRasterBand@@UAEPAV1@H@Z)
main.obj : error LNK2001: 无法解析的外部符号 "public: virtual class GDALRasterBand * __thiscall GDALRasterBand::GetRasterSampleOverview(int)" (?GetRasterSampleOverview@GDALRasterBand@@UAEPAV1@H@Z)
main.obj : error LNK2001: 无法解析的外部符号 "public: virtual enum CPLErr __thiscall GDALRasterBand::BuildOverviews(char const *,int,int *,int (__stdcall*)(double,char const *,void *),void *)" (?BuildOverviews@GDALRasterBand@@UAE?AW4CPLErr@@PBDHPAHP6GHN0PAX@Z2@Z)
main.obj : error LNK2001: 无法解析的外部符号 "public: virtual enum CPLErr __thiscall GDALRasterBand::AdviseRead(int,int,int,int,int,int,enum GDALDataType,char * *)" (?AdviseRead@GDALRasterBand@@UAE?AW4CPLErr@@HHHHHHW4GDALDataType@@PAPAD@Z)
main.obj : error LNK2001: 无法解析的外部符号 "public: virtual enum CPLErr __thiscall GDALRasterBand::GetHistogram(double,double,int,int *,int,int,int (__stdcall*)(double,char const *,void *),void *)" (?GetHistogram@GDALRasterBand@@UAE?AW4CPLErr@@NNHPAHHHP6GHNPBDPAX@Z2@Z)
main.obj : error LNK2001: 无法解析的外部符号 "public: virtual enum CPLErr __thiscall GDALRasterBand::GetDefaultHistogram(double *,double *,int *,int * *,int,int (__stdcall*)(double,char const *,void *),void *)" (?GetDefaultHistogram@GDALRasterBand@@UAE?AW4CPLErr@@PAN0PAHPAPAHHP6GHNPBDPAX@Z4@Z)
main.obj : error LNK2001: 无法解析的外部符号 "public: virtual enum CPLErr __thiscall GDALRasterBand::SetDefaultHistogram(double,double,int,int *)" (?SetDefaultHistogram@GDALRasterBand@@UAE?AW4CPLErr@@NNHPAH@Z)
main.obj : error LNK2001: 无法解析的外部符号 "public: virtual class GDALRasterAttributeTable const * __thiscall GDALRasterBand::GetDefaultRAT(void)" (?GetDefaultRAT@GDALRasterBand@@UAEPBVGDALRasterAttributeTable@@XZ)
main.obj : error LNK2001: 无法解析的外部符号 "public: virtual enum CPLErr __thiscall GDALRasterBand::SetDefaultRAT(class GDALRasterAttributeTable const *)" (?SetDefaultRAT@GDALRasterBand@@UAE?AW4CPLErr@@PBVGDALRasterAttributeTable@@@Z)
main.obj : error LNK2001: 无法解析的外部符号 "public: virtual class GDALRasterBand * __thiscall GDALRasterBand::GetMaskBand(void)" (?GetMaskBand@GDALRasterBand@@UAEPAV1@XZ)
main.obj : error LNK2001: 无法解析的外部符号 "public: virtual int __thiscall GDALRasterBand::GetMaskFlags(void)" (?GetMaskFlags@GDALRasterBand@@UAEHXZ)
main.obj : error LNK2001: 无法解析的外部符号 "public: virtual enum CPLErr __thiscall GDALRasterBand::CreateMaskBand(int)" (?CreateMaskBand@GDALRasterBand@@UAE?AW4CPLErr@@H@Z)
main.obj : error LNK2001: 无法解析的外部符号 "protected: virtual enum CPLErr __thiscall GDALAllValidMaskBand::IReadBlock(int,int,void *)" (?IReadBlock@GDALAllValidMaskBand@@MAE?AW4CPLErr@@HHPAX@Z)
main.obj : error LNK2019: 无法解析的外部符号 "public: virtual __thiscall GDALAllValidMaskBand::~GDALAllValidMaskBand(void)" (??1GDALAllValidMaskBand@@UAE@XZ)，该符号在函数 "public: virtual void * __thiscall GDALAllValidMaskBand::`vector deleting destructor'(unsigned int)" (??_EGDALAllValidMaskBand@@UAEPAXI@Z) 中被引用
main.obj : error LNK2001: 无法解析的外部符号 "public: virtual class GDALRasterBand * __thiscall GDALAllValidMaskBand::GetMaskBand(void)" (?GetMaskBand@GDALAllValidMaskBand@@UAEPAVGDALRasterBand@@XZ)
main.obj : error LNK2001: 无法解析的外部符号 "public: virtual int __thiscall GDALAllValidMaskBand::GetMaskFlags(void)" (?GetMaskFlags@GDALAllValidMaskBand@@UAEHXZ)
main.obj : error LNK2001: 无法解析的外部符号 "protected: virtual enum CPLErr __thiscall GDALNoDataMaskBand::IReadBlock(int,int,void *)" (?IReadBlock@GDALNoDataMaskBand@@MAE?AW4CPLErr@@HHPAX@Z)
main.obj : error LNK2019: 无法解析的外部符号 "public: virtual __thiscall GDALNoDataMaskBand::~GDALNoDataMaskBand(void)" (??1GDALNoDataMaskBand@@UAE@XZ)，该符号在函数 "public: virtual void * __thiscall GDALNoDataMaskBand::`vector deleting destructor'(unsigned int)" (??_EGDALNoDataMaskBand@@UAEPAXI@Z) 中被引用
main.obj : error LNK2001: 无法解析的外部符号 "protected: virtual enum CPLErr __thiscall GDALNoDataValuesMaskBand::IReadBlock(int,int,void *)" (?IReadBlock@GDALNoDataValuesMaskBand@@MAE?AW4CPLErr@@HHPAX@Z)
main.obj : error LNK2019: 无法解析的外部符号 "public: virtual __thiscall GDALNoDataValuesMaskBand::~GDALNoDataValuesMaskBand(void)" (??1GDALNoDataValuesMaskBand@@UAE@XZ)，该符号在函数 "public: virtual void * __thiscall GDALNoDataValuesMaskBand::`vector deleting destructor'(unsigned int)" (??_EGDALNoDataValuesMaskBand@@UAEPAXI@Z) 中被引用
main.obj : error LNK2019: 无法解析的外部符号 "public: virtual __thiscall GDALDriver::~GDALDriver(void)" (??1GDALDriver@@UAE@XZ)，该符号在函数 "public: virtual void * __thiscall GDALDriver::`vector deleting destructor'(unsigned int)" (??_EGDALDriver@@UAEPAXI@Z) 中被引用
main.obj : error LNK2019: 无法解析的外部符号 "public: class GDALDataset * __thiscall GDALDriver::Create(char const *,int,int,int,enum GDALDataType,char * *)" (?Create@GDALDriver@@QAEPAVGDALDataset@@PBDHHHW4GDALDataType@@PAPAD@Z)，该符号在函数 _main 中被引用
main.obj : error LNK2019: 无法解析的外部符号 "public: virtual __thiscall GDALDriverManager::~GDALDriverManager(void)" (??1GDALDriverManager@@UAE@XZ)，该符号在函数 "public: virtual void * __thiscall GDALDriverManager::`vector deleting destructor'(unsigned int)" (??_EGDALDriverManager@@UAEPAXI@Z) 中被引用
main.obj : error LNK2019: 无法解析的外部符号 "public: class GDALDriver * __thiscall GDALDriverManager::GetDriverByName(char const *)" (?GetDriverByName@GDALDriverManager@@QAEPAVGDALDriver@@PBD@Z)，该符号在函数 _main 中被引用
main.obj : error LNK2019: 无法解析的外部符号 _GetGDALDriverManager，该符号在函数 _main 中被引用
F:\junior3\c++\Project2_2\Debug\Project2_2.exe : fatal error LNK1120: 88 个无法解析的外部命令
